<?xml version="1.0" encoding="UTF-8"?>
<!-- Generated by org.testng.reporters.JUnitXMLReporter -->
<testsuite ignored="2" hostname="LAPTOP-RGIEALF1" failures="0" tests="4" name="Surefire test" time="13.482" errors="0" timestamp="2026-02-12T18:54:52 IST">
  <testcase classname="frameworkPractice.MyCampaignTest" name="createCampaignTest" time="1.655"/>
  <testcase classname="frameworkPractice.MyCampaignTest" name="createCampaignwithExpectedDate" time="1.121"/>
  <testcase classname="frameworkPractice.MyCampaignTest" name="createCampaignwithStatus" time="1.075"/>
  <testcase classname="frameworkPractice.MyProductTest" name="createProductTest" time="1.588"/>
  <testcase classname="baseTestPractice.MybaseClass" name="@AfterSuite afterSuite" time="0.0">
    <ignored/>
  </testcase> <!-- @AfterSuite afterSuite -->
  <testcase classname="baseTestPractice.MybaseClass" name="@BeforeSuite beforeSuite" time="0.0">
    <ignored/>
  </testcase> <!-- @BeforeSuite beforeSuite -->
</testsuite> <!-- Surefire test -->
