<?xml version="1.0" encoding="UTF-8"?>
<!-- Generated by org.testng.reporters.JUnitXMLReporter -->
<testsuite ignored="2" hostname="LAPTOP-RGIEALF1" failures="0" tests="1" name="Default test" time="3.761" errors="0" timestamp="2026-02-12T18:53:34 IST">
  <testcase classname="frameworkPractice.MyCampaignTest" name="createCampaignwithExpectedDate" time="1.391"/>
  <testcase classname="frameworkPractice.MyCampaignTest" name="createCampaignTest" time="0.0">
    <ignored/>
  </testcase> <!-- createCampaignTest -->
  <testcase classname="frameworkPractice.MyCampaignTest" name="createCampaignwithStatus" time="0.0">
    <ignored/>
  </testcase> <!-- createCampaignwithStatus -->
</testsuite> <!-- Default test -->
