<?xml version="1.0" encoding="UTF-8"?>
<!-- Generated by org.testng.reporters.JUnitXMLReporter -->
<testsuite ignored="0" hostname="LAPTOP-RGIEALF1" failures="1" tests="3" name="CampaignTest" time="14.021" errors="0" timestamp="2026-02-11T23:30:25 IST">
  <testcase classname="frameworkPractice.MyCampaignTest" name="createCampaignTest" time="3.578"/>
  <testcase classname="frameworkPractice.MyCampaignTest" name="createCampaignwithExpectedDate" time="1.755">
    <failure type="java.lang.AssertionError" message="expected [true] but found [false]">
      <![CDATA[java.lang.AssertionError: expected [true] but found [false]
at frameworkPractice.MyCampaignTest.createCampaignwithExpectedDate(MyCampaignTest.java:79)
at java.base/java.util.ArrayList.forEach(ArrayList.java:1597)
at java.base/java.util.concurrent.FutureTask.run(FutureTask.java:317)
at java.base/java.util.concurrent.ThreadPoolExecutor.runWorker(ThreadPoolExecutor.java:1144)
at java.base/java.util.concurrent.ThreadPoolExecutor$Worker.run(ThreadPoolExecutor.java:642)
at java.base/java.lang.Thread.run(Thread.java:1570)
... Removed 19 stack frames]]>
    </failure>
  </testcase> <!-- createCampaignwithExpectedDate -->
  <testcase classname="frameworkPractice.MyCampaignTest" name="createCampaignwithStatus" time="1.346"/>
</testsuite> <!-- CampaignTest -->
