<?xml version="1.0" encoding="UTF-8"?>
<!-- Generated by org.testng.reporters.JUnitXMLReporter -->
<testsuite ignored="0" hostname="LAPTOP-RGIEALF1" failures="1" tests="3" name="Test1" time="13.221" errors="0" timestamp="2026-02-10T20:59:42 IST">
  <testcase classname="com.ninza.crm.campaigntestngTest.CampaignTestClassTest" name="createCampaignTest" time="2.621">
    <failure type="java.lang.AssertionError" message="expected [true] but found [false]">
      <![CDATA[java.lang.AssertionError: expected [true] but found [false]
at com.ninza.crm.campaigntestngTest.CampaignTestClassTest.createCampaignTest(CampaignTestClassTest.java:58)
at java.base/java.util.ArrayList.forEach(ArrayList.java:1597)
at java.base/java.util.concurrent.FutureTask.run(FutureTask.java:317)
at java.base/java.util.concurrent.ThreadPoolExecutor.runWorker(ThreadPoolExecutor.java:1144)
at java.base/java.util.concurrent.ThreadPoolExecutor$Worker.run(ThreadPoolExecutor.java:642)
at java.base/java.lang.Thread.run(Thread.java:1570)
... Removed 19 stack frames]]>
    </failure>
  </testcase> <!-- createCampaignTest -->
  <testcase classname="com.ninza.crm.campaigntestngTest.CampaignTestClassTest" name="createCampaignwithExpectedDate" time="1.742"/>
  <testcase classname="com.ninza.crm.campaigntestngTest.CampaignTestClassTest" name="createCampaignwithStatus" time="1.321"/>
</testsuite> <!-- Test1 -->
