<?xml version="1.0" encoding="UTF-8"?>
<!-- Generated by org.testng.reporters.JUnitXMLReporter -->
<testsuite ignored="0" hostname="LAPTOP-RGIEALF1" failures="1" tests="3" name="Test2" time="9.83" errors="0" timestamp="2026-02-10T21:22:24 IST">
  <testcase classname="com.ninza.crm.campaigntestngTest.CampaignTestClassTest" name="createCampaignTest" time="1.124">
    <failure type="java.lang.AssertionError" message="expected [true] but found [false]">
      <![CDATA[java.lang.AssertionError: expected [true] but found [false]
at com.ninza.crm.campaigntestngTest.CampaignTestClassTest.createCampaignTest(CampaignTestClassTest.java:58)
at java.base/java.util.ArrayList.forEach(ArrayList.java:1597)
... Removed 29 stack frames]]>
    </failure>
  </testcase> <!-- createCampaignTest -->
  <testcase classname="com.ninza.crm.campaigntestngTest.CampaignTestClassTest" name="createCampaignwithExpectedDate" time="1.429"/>
  <testcase classname="com.ninza.crm.campaigntestngTest.CampaignTestClassTest" name="createCampaignwithStatus" time="1.296"/>
</testsuite> <!-- Test2 -->
