<?xml version="1.0" encoding="UTF-8"?>
<testng-results ignored="0" total="4" passed="4" failed="0" skipped="0">
  <reporter-output>
    <line>
      <![CDATA[Report Config]]>
    </line>
    <line>
      <![CDATA[Db Open]]>
    </line>
    <line>
      <![CDATA[launching browser]]>
    </line>
    <line>
      <![CDATA[login]]>
    </line>
    <line>
      <![CDATA[logout]]>
    </line>
    <line>
      <![CDATA[login]]>
    </line>
    <line>
      <![CDATA[logout]]>
    </line>
    <line>
      <![CDATA[login]]>
    </line>
    <line>
      <![CDATA[logout]]>
    </line>
    <line>
      <![CDATA[close browser]]>
    </line>
    <line>
      <![CDATA[launching browser]]>
    </line>
    <line>
      <![CDATA[login]]>
    </line>
    <line>
      <![CDATA[logout]]>
    </line>
    <line>
      <![CDATA[close browser]]>
    </line>
    <line>
      <![CDATA[Db close]]>
    </line>
  </reporter-output>
  <suite started-at="2026-02-12T18:54:38 IST" name="Surefire suite" finished-at="2026-02-12T18:54:52 IST" duration-ms="13482">
    <groups>
    </groups>
    <test started-at="2026-02-12T18:54:38 IST" name="Surefire test" finished-at="2026-02-12T18:54:52 IST" duration-ms="13482">
      <class name="frameworkPractice.MyCampaignTest">
        <test-method is-config="true" signature="beforeSuite()[pri:0, instance:frameworkPractice.MyCampaignTest@79b06cab]" started-at="2026-02-12T18:54:38 IST" name="beforeSuite" finished-at="2026-02-12T18:54:38 IST" duration-ms="0" status="PASS">
          <reporter-output>
            <line>
              <![CDATA[Db Open]]>
            </line>
          </reporter-output>
        </test-method> <!-- beforeSuite -->
        <test-method is-config="true" signature="beforeClass(java.lang.String)[pri:0, instance:frameworkPractice.MyCampaignTest@79b06cab]" started-at="2026-02-12T18:54:38 IST" name="beforeClass" finished-at="2026-02-12T18:54:39 IST" duration-ms="886" status="PASS">
          <params>
            <param index="0">
              <value>
                <![CDATA[Chrome]]>
              </value>
            </param>
          </params>
          <reporter-output>
            <line>
              <![CDATA[launching browser]]>
            </line>
          </reporter-output>
        </test-method> <!-- beforeClass -->
        <test-method is-config="true" signature="beforeMethod()[pri:0, instance:frameworkPractice.MyCampaignTest@79b06cab]" started-at="2026-02-12T18:54:39 IST" name="beforeMethod" finished-at="2026-02-12T18:54:41 IST" duration-ms="1254" status="PASS">
          <reporter-output>
            <line>
              <![CDATA[login]]>
            </line>
          </reporter-output>
        </test-method> <!-- beforeMethod -->
        <test-method signature="createCampaignTest()[pri:0, instance:frameworkPractice.MyCampaignTest@79b06cab]" started-at="2026-02-12T18:54:41 IST" name="createCampaignTest" finished-at="2026-02-12T18:54:42 IST" duration-ms="1655" status="PASS">
          <reporter-output>
          </reporter-output>
        </test-method> <!-- createCampaignTest -->
        <test-method is-config="true" signature="afterMethod()[pri:0, instance:frameworkPractice.MyCampaignTest@79b06cab]" started-at="2026-02-12T18:54:42 IST" name="afterMethod" finished-at="2026-02-12T18:54:43 IST" duration-ms="426" status="PASS">
          <reporter-output>
            <line>
              <![CDATA[logout]]>
            </line>
          </reporter-output>
        </test-method> <!-- afterMethod -->
        <test-method is-config="true" signature="beforeMethod()[pri:0, instance:frameworkPractice.MyCampaignTest@79b06cab]" started-at="2026-02-12T18:54:43 IST" name="beforeMethod" finished-at="2026-02-12T18:54:43 IST" duration-ms="668" status="PASS">
          <reporter-output>
            <line>
              <![CDATA[login]]>
            </line>
          </reporter-output>
        </test-method> <!-- beforeMethod -->
        <test-method signature="createCampaignwithExpectedDate()[pri:0, instance:frameworkPractice.MyCampaignTest@79b06cab]" started-at="2026-02-12T18:54:43 IST" name="createCampaignwithExpectedDate" finished-at="2026-02-12T18:54:44 IST" duration-ms="1121" status="PASS">
          <reporter-output>
          </reporter-output>
        </test-method> <!-- createCampaignwithExpectedDate -->
        <test-method is-config="true" signature="afterMethod()[pri:0, instance:frameworkPractice.MyCampaignTest@79b06cab]" started-at="2026-02-12T18:54:44 IST" name="afterMethod" finished-at="2026-02-12T18:54:46 IST" duration-ms="1159" status="PASS">
          <reporter-output>
            <line>
              <![CDATA[logout]]>
            </line>
          </reporter-output>
        </test-method> <!-- afterMethod -->
        <test-method is-config="true" signature="beforeMethod()[pri:0, instance:frameworkPractice.MyCampaignTest@79b06cab]" started-at="2026-02-12T18:54:46 IST" name="beforeMethod" finished-at="2026-02-12T18:54:46 IST" duration-ms="561" status="PASS">
          <reporter-output>
            <line>
              <![CDATA[login]]>
            </line>
          </reporter-output>
        </test-method> <!-- beforeMethod -->
        <test-method signature="createCampaignwithStatus()[pri:0, instance:frameworkPractice.MyCampaignTest@79b06cab]" started-at="2026-02-12T18:54:46 IST" name="createCampaignwithStatus" finished-at="2026-02-12T18:54:47 IST" duration-ms="1075" status="PASS">
          <reporter-output>
          </reporter-output>
        </test-method> <!-- createCampaignwithStatus -->
        <test-method is-config="true" signature="afterMethod()[pri:0, instance:frameworkPractice.MyCampaignTest@79b06cab]" started-at="2026-02-12T18:54:47 IST" name="afterMethod" finished-at="2026-02-12T18:54:48 IST" duration-ms="323" status="PASS">
          <reporter-output>
            <line>
              <![CDATA[logout]]>
            </line>
          </reporter-output>
        </test-method> <!-- afterMethod -->
        <test-method is-config="true" signature="afterClass()[pri:0, instance:frameworkPractice.MyCampaignTest@79b06cab]" started-at="2026-02-12T18:54:48 IST" name="afterClass" finished-at="2026-02-12T18:54:48 IST" duration-ms="162" status="PASS">
          <reporter-output>
            <line>
              <![CDATA[close browser]]>
            </line>
          </reporter-output>
        </test-method> <!-- afterClass -->
        <test-method is-config="true" signature="afterSuite()[pri:0, instance:frameworkPractice.MyCampaignTest@79b06cab]" started-at="2026-02-12T18:54:52 IST" name="afterSuite" finished-at="2026-02-12T18:54:52 IST" duration-ms="0" status="PASS">
          <reporter-output>
            <line>
              <![CDATA[Db close]]>
            </line>
          </reporter-output>
        </test-method> <!-- afterSuite -->
      </class> <!-- frameworkPractice.MyCampaignTest -->
      <class name="frameworkPractice.MyProductTest">
        <test-method is-config="true" signature="beforeClass(java.lang.String)[pri:0, instance:frameworkPractice.MyProductTest@1b1473ab]" started-at="2026-02-12T18:54:48 IST" name="beforeClass" finished-at="2026-02-12T18:54:48 IST" duration-ms="567" status="PASS">
          <params>
            <param index="0">
              <value>
                <![CDATA[Chrome]]>
              </value>
            </param>
          </params>
          <reporter-output>
            <line>
              <![CDATA[launching browser]]>
            </line>
          </reporter-output>
        </test-method> <!-- beforeClass -->
        <test-method is-config="true" signature="beforeMethod()[pri:0, instance:frameworkPractice.MyProductTest@1b1473ab]" started-at="2026-02-12T18:54:48 IST" name="beforeMethod" finished-at="2026-02-12T18:54:49 IST" duration-ms="677" status="PASS">
          <reporter-output>
            <line>
              <![CDATA[login]]>
            </line>
          </reporter-output>
        </test-method> <!-- beforeMethod -->
        <test-method signature="createProductTest()[pri:0, instance:frameworkPractice.MyProductTest@1b1473ab]" started-at="2026-02-12T18:54:49 IST" name="createProductTest" finished-at="2026-02-12T18:54:51 IST" duration-ms="1588" status="PASS">
          <reporter-output>
          </reporter-output>
        </test-method> <!-- createProductTest -->
        <test-method is-config="true" signature="afterMethod()[pri:0, instance:frameworkPractice.MyProductTest@1b1473ab]" started-at="2026-02-12T18:54:51 IST" name="afterMethod" finished-at="2026-02-12T18:54:52 IST" duration-ms="1196" status="PASS">
          <reporter-output>
            <line>
              <![CDATA[logout]]>
            </line>
          </reporter-output>
        </test-method> <!-- afterMethod -->
        <test-method is-config="true" signature="afterClass()[pri:0, instance:frameworkPractice.MyProductTest@1b1473ab]" started-at="2026-02-12T18:54:52 IST" name="afterClass" finished-at="2026-02-12T18:54:52 IST" duration-ms="140" status="PASS">
          <reporter-output>
            <line>
              <![CDATA[close browser]]>
            </line>
          </reporter-output>
        </test-method> <!-- afterClass -->
      </class> <!-- frameworkPractice.MyProductTest -->
    </test> <!-- Surefire test -->
  </suite> <!-- Surefire suite -->
</testng-results>
