<?xml version="1.0" encoding="UTF-8"?>
<testsuite xmlns:xsi="http://www.w3.org/2001/XMLSchema-instance" xsi:noNamespaceSchemaLocation="https://maven.apache.org/surefire/maven-surefire-plugin/xsd/surefire-test-report-3.0.xsd" version="3.0" name="TestSuite" time="13.894" tests="4" errors="0" skipped="0" failures="0">
  <properties>
[...]
</properties>
  <testcase name="createCampaignTest" classname="frameworkPractice.MyCampaignTest" time="1.556">
    <system-out><![CDATA[Report Config
Db Open
launching browser
login
2026-02-12T13:24:41.188422Z main ERROR Log4j API could not find a logging provider.
1st Campaign Created Successfully
]]></system-out>
    <system-err><![CDATA[SLF4J: Failed to load class "org.slf4j.impl.StaticLoggerBinder".
SLF4J: Defaulting to no-operation (NOP) logger implementation
SLF4J: See http://www.slf4j.org/codes.html#StaticLoggerBinder for further details.
Feb 12, 2026 6:54:39 PM org.openqa.selenium.devtools.CdpVersionFinder findNearestMatch
WARNING: Unable to find an exact match for CDP version 144, returning the closest version; found: 143; Please update to a Selenium version that supports CDP version 144
]]></system-err>
  </testcase>
  <testcase name="createCampaignwithExpectedDate" classname="frameworkPractice.MyCampaignTest" time="1.122">
    <system-out><![CDATA[logout
login
Campaign Created with Expexted Date Successfully
]]></system-out>
  </testcase>
  <testcase name="createCampaignwithStatus" classname="frameworkPractice.MyCampaignTest" time="1.075">
    <system-out><![CDATA[logout
login
Campaign Created with Status Successfully
]]></system-out>
  </testcase>
  <testcase name="createProductTest" classname="frameworkPractice.MyProductTest" time="1.581">
    <system-out><![CDATA[logout
close browser
launching browser
login
Product Created Successfully
]]></system-out>
    <system-err><![CDATA[Feb 12, 2026 6:54:48 PM org.openqa.selenium.devtools.CdpVersionFinder findNearestMatch
WARNING: Unable to find an exact match for CDP version 144, returning the closest version; found: 143; Please update to a Selenium version that supports CDP version 144
]]></system-err>
  </testcase>
</testsuite>