<?xml version="1.0" encoding="UTF-8"?>
<testng-results ignored="0" total="1" passed="1" failed="0" skipped="0">
  <reporter-output>
    <line>
      <![CDATA[Report Config]]>
    </line>
    <line>
      <![CDATA[Db Open]]>
    </line>
    <line>
      <![CDATA[launching browser]]>
    </line>
    <line>
      <![CDATA[login]]>
    </line>
    <line>
      <![CDATA[logout]]>
    </line>
    <line>
      <![CDATA[close browser]]>
    </line>
    <line>
      <![CDATA[Db close]]>
    </line>
  </reporter-output>
  <suite started-at="2026-02-12T18:53:31 IST" name="Default suite" finished-at="2026-02-12T18:53:34 IST" duration-ms="3761">
    <groups>
    </groups>
    <test started-at="2026-02-12T18:53:31 IST" name="Default test" finished-at="2026-02-12T18:53:34 IST" duration-ms="3761">
      <class name="frameworkPractice.MyCampaignTest">
        <test-method is-config="true" signature="beforeSuite()[pri:0, instance:frameworkPractice.MyCampaignTest@2f4948e4]" started-at="2026-02-12T18:53:31 IST" name="beforeSuite" finished-at="2026-02-12T18:53:31 IST" duration-ms="6" status="PASS">
          <reporter-output>
            <line>
              <![CDATA[Db Open]]>
            </line>
          </reporter-output>
        </test-method> <!-- beforeSuite -->
        <test-method is-config="true" signature="beforeClass(java.lang.String)[pri:0, instance:frameworkPractice.MyCampaignTest@2f4948e4]" started-at="2026-02-12T18:53:31 IST" name="beforeClass" finished-at="2026-02-12T18:53:31 IST" duration-ms="878" status="PASS">
          <params>
            <param index="0">
              <value>
                <![CDATA[Chrome]]>
              </value>
            </param>
          </params>
          <reporter-output>
            <line>
              <![CDATA[launching browser]]>
            </line>
          </reporter-output>
        </test-method> <!-- beforeClass -->
        <test-method is-config="true" signature="beforeMethod()[pri:0, instance:frameworkPractice.MyCampaignTest@2f4948e4]" started-at="2026-02-12T18:53:31 IST" name="beforeMethod" finished-at="2026-02-12T18:53:32 IST" duration-ms="812" status="PASS">
          <reporter-output>
            <line>
              <![CDATA[login]]>
            </line>
          </reporter-output>
        </test-method> <!-- beforeMethod -->
        <test-method signature="createCampaignwithExpectedDate()[pri:0, instance:frameworkPractice.MyCampaignTest@2f4948e4]" started-at="2026-02-12T18:53:32 IST" name="createCampaignwithExpectedDate" finished-at="2026-02-12T18:53:34 IST" duration-ms="1391" status="PASS">
          <reporter-output>
          </reporter-output>
        </test-method> <!-- createCampaignwithExpectedDate -->
        <test-method is-config="true" signature="afterMethod()[pri:0, instance:frameworkPractice.MyCampaignTest@2f4948e4]" started-at="2026-02-12T18:53:34 IST" name="afterMethod" finished-at="2026-02-12T18:53:34 IST" duration-ms="481" status="PASS">
          <reporter-output>
            <line>
              <![CDATA[logout]]>
            </line>
          </reporter-output>
        </test-method> <!-- afterMethod -->
        <test-method is-config="true" signature="afterClass()[pri:0, instance:frameworkPractice.MyCampaignTest@2f4948e4]" started-at="2026-02-12T18:53:34 IST" name="afterClass" finished-at="2026-02-12T18:53:34 IST" duration-ms="164" status="PASS">
          <reporter-output>
            <line>
              <![CDATA[close browser]]>
            </line>
          </reporter-output>
        </test-method> <!-- afterClass -->
        <test-method is-config="true" signature="afterSuite()[pri:0, instance:frameworkPractice.MyCampaignTest@2f4948e4]" started-at="2026-02-12T18:53:34 IST" name="afterSuite" finished-at="2026-02-12T18:53:34 IST" duration-ms="1" status="PASS">
          <reporter-output>
            <line>
              <![CDATA[Db close]]>
            </line>
          </reporter-output>
        </test-method> <!-- afterSuite -->
      </class> <!-- frameworkPractice.MyCampaignTest -->
    </test> <!-- Default test -->
  </suite> <!-- Default suite -->
</testng-results>
