<?xml version="1.0" encoding="UTF-8"?>
<!-- Generated by org.testng.reporters.JUnitReportReporter -->
<testsuite hostname="LAPTOP-RGIEALF1" failures="0" tests="5" name="testng_hardcoding.priority" time="0.011" errors="0" timestamp="2026-02-04T14:01:26 IST" skipped="0">
  <testcase classname="testng_hardcoding.priority" name="lanch" time="0.008">
    <system-out>
      <![CDATA[launch test]]>
    </system-out>
  </testcase> <!-- lanch -->
  <testcase classname="testng_hardcoding.priority" name="login" time="0.001">
    <system-out>
      <![CDATA[login test]]>
    </system-out>
  </testcase> <!-- login -->
  <testcase classname="testng_hardcoding.priority" name="test1" time="0.001">
    <system-out>
      <![CDATA[test1]]>
    </system-out>
  </testcase> <!-- test1 -->
  <testcase classname="testng_hardcoding.priority" name="logout" time="0.001">
    <system-out>
      <![CDATA[logout test]]>
    </system-out>
  </testcase> <!-- logout -->
  <testcase classname="testng_hardcoding.priority" name="close" time="0.000">
    <system-out>
      <![CDATA[close test]]>
    </system-out>
  </testcase> <!-- close -->
  <system-out>
    <![CDATA[launch test
login test
test1
logout test
close test]]>
  </system-out>
</testsuite> <!-- testng_hardcoding.priority -->
