<?xml version="1.0" encoding="UTF-8"?>
<!-- Generated by org.testng.reporters.JUnitReportReporter -->
<testsuite hostname="LAPTOP-RGIEALF1" failures="0" tests="1" name="frameworkPractice.MyProductTest" time="6.633" errors="0" timestamp="2026-02-11T23:30:26 IST" skipped="0">
  <testcase classname="frameworkPractice.MyProductTest" name="createProductTest" time="6.633"/>
  <system-out>
    <![CDATA[Report Config
Db Open
launching browser
launching browser
login
login
logout
logout
close browser
login
logout
login
logout
close browser
Db close]]>
  </system-out>
</testsuite> <!-- frameworkPractice.MyProductTest -->
