<?xml version="1.0" encoding="UTF-8"?>
<!-- Generated by org.testng.reporters.JUnitReportReporter -->
<testsuite hostname="LAPTOP-RGIEALF1" failures="0" tests="4" name="testng_hardcoding.Demo" time="0.010" errors="0" timestamp="2026-02-04T12:50:28 IST" skipped="0">
  <testcase classname="testng_hardcoding.Demo" name="div" time="0.001">
    <system-out>
      <![CDATA[div]]>
    </system-out>
  </testcase> <!-- div -->
  <testcase classname="testng_hardcoding.Demo" name="add" time="0.006">
    <system-out>
      <![CDATA[add]]>
    </system-out>
  </testcase> <!-- add -->
  <testcase classname="testng_hardcoding.Demo" name="mul" time="0.002">
    <system-out>
      <![CDATA[mul]]>
    </system-out>
  </testcase> <!-- mul -->
  <testcase classname="testng_hardcoding.Demo" name="sub" time="0.001">
    <system-out>
      <![CDATA[sub]]>
    </system-out>
  </testcase> <!-- sub -->
  <system-out>
    <![CDATA[add
div
mul
sub]]>
  </system-out>
</testsuite> <!-- testng_hardcoding.Demo -->
