<?xml version="1.0" encoding="UTF-8"?>
<!-- Generated by org.testng.reporters.JUnitReportReporter -->
<testsuite hostname="LAPTOP-RGIEALF1" failures="0" tests="1" name="testng_hardcoding.ConfigTestngTestCases" time="0.007" errors="0" timestamp="2026-02-04T13:01:24 IST" skipped="0">
  <testcase classname="testng_hardcoding.ConfigTestngTestCases" name="test001" time="0.007">
    <system-out>
      <![CDATA[testcase]]>
    </system-out>
  </testcase> <!-- test001 -->
  <system-out>
    <![CDATA[DB open
pre conditions
launch browser
login
testcase
logout
close browser
post conditions
DB close]]>
  </system-out>
</testsuite> <!-- testng_hardcoding.ConfigTestngTestCases -->
