<?xml version="1.0" encoding="UTF-8"?>
<!-- Generated by org.testng.reporters.JUnitReportReporter -->
<testsuite hostname="LAPTOP-RGIEALF1" failures="0" tests="4" name="testng_hardcoding.Demo2" time="0.010" errors="0" timestamp="2026-02-04T12:50:49 IST" skipped="0">
  <testcase classname="testng_hardcoding.Demo2" name="Mango" time="0.000">
    <system-out>
      <![CDATA[Mango]]>
    </system-out>
  </testcase> <!-- Mango -->
  <testcase classname="testng_hardcoding.Demo2" name="Grapes" time="0.008">
    <system-out>
      <![CDATA[Grapes]]>
    </system-out>
  </testcase> <!-- Grapes -->
  <testcase classname="testng_hardcoding.Demo2" name="apple" time="0.001">
    <system-out>
      <![CDATA[apple]]>
    </system-out>
  </testcase> <!-- apple -->
  <testcase classname="testng_hardcoding.Demo2" name="orange" time="0.001">
    <system-out>
      <![CDATA[orange]]>
    </system-out>
  </testcase> <!-- orange -->
  <system-out>
    <![CDATA[Grapes
Mango
apple
orange]]>
  </system-out>
</testsuite> <!-- testng_hardcoding.Demo2 -->
