<?xml version="1.0" encoding="UTF-8"?>
<!-- Generated by org.testng.reporters.JUnitReportReporter -->
<testsuite hostname="LAPTOP-RGIEALF1" failures="0" tests="1" name="com.ninza.crm.producttestngTest.ProducttestClassTest" time="4.639" errors="0" timestamp="2026-02-11T12:50:39 IST" skipped="0">
  <testcase classname="com.ninza.crm.producttestngTest.ProducttestClassTest" name="createProductTest" time="4.639"/>
  <system-out>
    <![CDATA[Report Config
Db Open
launching browser
login
logout
close browser
Db close]]>
  </system-out>
</testsuite> <!-- com.ninza.crm.producttestngTest.ProducttestClassTest -->
