<?xml version="1.0" encoding="UTF-8"?>
<!-- Generated by org.testng.reporters.JUnitReportReporter -->
<testsuite hostname="LAPTOP-RGIEALF1" failures="0" tests="1" name="com.ninz.crm.producttestngTest.ProducttestClassTest" time="2.874" errors="0" timestamp="2026-02-07T12:23:20 IST" skipped="0">
  <testcase classname="com.ninz.crm.producttestngTest.ProducttestClassTest" name="createProductTest" time="2.874"/>
  <system-out>
    <![CDATA[Db Open
launching browser
login
logout
login
logout
login
logout
close browser
launching browser
login
logout
close browser
Db close]]>
  </system-out>
</testsuite> <!-- com.ninz.crm.producttestngTest.ProducttestClassTest -->
