<?xml version="1.0" encoding="UTF-8"?>
<!-- Generated by org.testng.reporters.JUnitReportReporter -->
<testsuite hostname="LAPTOP-RGIEALF1" failures="0" tests="1" name="frameworkPractice.MyCampaignTest" time="2.684" errors="0" timestamp="2026-02-12T18:53:35 IST" skipped="0">
  <testcase classname="frameworkPractice.MyCampaignTest" name="createCampaignwithExpectedDate" time="2.684"/>
  <system-out>
    <![CDATA[Report Config
Db Open
launching browser
login
logout
close browser
Db close]]>
  </system-out>
</testsuite> <!-- frameworkPractice.MyCampaignTest -->
