<?xml version="1.0" encoding="UTF-8"?>
<!-- Generated by org.testng.reporters.JUnitReportReporter -->
<testsuite hostname="LAPTOP-RGIEALF1" failures="0" tests="3" name="com.ninza.crm.campaigntestngTest.CampaigntestngTest" time="6.607" errors="0" timestamp="2026-02-06T12:23:38 IST" skipped="0">
  <testcase classname="com.ninza.crm.campaigntestngTest.CampaigntestngTest" name="createCampaignwithStatus" time="2.761"/>
  <testcase classname="com.ninza.crm.campaigntestngTest.CampaigntestngTest" name="createCampaignTest" time="1.842"/>
  <testcase classname="com.ninza.crm.campaigntestngTest.CampaigntestngTest" name="createCampaignwithExpectedDate" time="2.004"/>
  <system-out>
    <![CDATA[Db Open
launching browser
login
logout
login
logout
login
logout
close browser
launching browser
login
logout
close browser
Db close]]>
  </system-out>
</testsuite> <!-- com.ninza.crm.campaigntestngTest.CampaigntestngTest -->
