<?xml version="1.0" encoding="UTF-8"?>
<!-- Generated by org.testng.reporters.JUnitReportReporter -->
<testsuite hostname="LAPTOP-RGIEALF1" failures="0" tests="2" name="testng_hardcoding.Dataprovider" time="0.011" errors="0" timestamp="2026-02-04T13:16:27 IST" skipped="0">
  <testcase classname="testng_hardcoding.Dataprovider" name="testlogin" time="0.010"/>
  <testcase classname="testng_hardcoding.Dataprovider" name="testlogin" time="0.001"/>
</testsuite> <!-- testng_hardcoding.Dataprovider -->
