<?xml version="1.0" encoding="UTF-8"?>
<!-- Generated by org.testng.reporters.JUnitReportReporter -->
<testsuite hostname="LAPTOP-RGIEALF1" failures="0" tests="1" name="testng_hardcoding.threadpool" time="2.925" errors="0" timestamp="2026-02-04T14:05:02 IST" skipped="0">
  <testcase classname="testng_hardcoding.threadpool" name="login" time="2.925">
    <system-out>
      <![CDATA[login succesfull]]>
    </system-out>
  </testcase> <!-- login -->
  <system-out>
    <![CDATA[login succesfull]]>
  </system-out>
</testsuite> <!-- testng_hardcoding.threadpool -->
