<?xml version="1.0" encoding="UTF-8"?>
<!-- Generated by org.testng.reporters.JUnitReportReporter -->
<testsuite hostname="LAPTOP-RGIEALF1" failures="0" tests="3" name="testng_hardcoding.invocount" time="8.549" errors="0" timestamp="2026-02-04T12:53:57 IST" skipped="0">
  <testcase classname="testng_hardcoding.invocount" name="login" time="2.723">
    <system-out>
      <![CDATA[login succesfull]]>
    </system-out>
  </testcase> <!-- login -->
  <testcase classname="testng_hardcoding.invocount" name="login" time="3.087">
    <system-out>
      <![CDATA[login succesfull]]>
    </system-out>
  </testcase> <!-- login -->
  <testcase classname="testng_hardcoding.invocount" name="login" time="2.739">
    <system-out>
      <![CDATA[login succesfull]]>
    </system-out>
  </testcase> <!-- login -->
  <system-out>
    <![CDATA[login succesfull
login succesfull
login succesfull]]>
  </system-out>
</testsuite> <!-- testng_hardcoding.invocount -->
