<?xml version="1.0" encoding="UTF-8"?>
<!-- Generated by org.testng.reporters.JUnitReportReporter -->
<testsuite hostname="LAPTOP-RGIEALF1" failures="0" tests="4" name="testng_hardcoding.Demo3" time="0.010" errors="0" timestamp="2026-02-04T12:51:32 IST" skipped="0">
  <testcase classname="testng_hardcoding.Demo3" name="b23" time="0.002">
    <system-out>
      <![CDATA[b23]]>
    </system-out>
  </testcase> <!-- b23 -->
  <testcase classname="testng_hardcoding.Demo3" name="a11" time="0.006">
    <system-out>
      <![CDATA[a11]]>
    </system-out>
  </testcase> <!-- a11 -->
  <testcase classname="testng_hardcoding.Demo3" name="c31" time="0.001">
    <system-out>
      <![CDATA[c31]]>
    </system-out>
  </testcase> <!-- c31 -->
  <testcase classname="testng_hardcoding.Demo3" name="d41" time="0.001">
    <system-out>
      <![CDATA[d41]]>
    </system-out>
  </testcase> <!-- d41 -->
  <system-out>
    <![CDATA[a11
b23
c31
d41]]>
  </system-out>
</testsuite> <!-- testng_hardcoding.Demo3 -->
