<?xml version="1.0" encoding="UTF-8"?>
<!-- Generated by org.testng.reporters.JUnitReportReporter -->
<testsuite hostname="LAPTOP-RGIEALF1" failures="0" tests="3" name="frameworkPractice.MyCampaignTest" time="8.242" errors="0" timestamp="2026-02-12T18:54:52 IST" skipped="0">
  <testcase classname="frameworkPractice.MyCampaignTest" name="createCampaignTest" time="3.232"/>
  <testcase classname="frameworkPractice.MyCampaignTest" name="createCampaignwithExpectedDate" time="2.215"/>
  <testcase classname="frameworkPractice.MyCampaignTest" name="createCampaignwithStatus" time="2.795"/>
  <system-out>
    <![CDATA[Report Config
Db Open
launching browser
login
logout
login
logout
login
logout
close browser
launching browser
login
logout
close browser
Db close]]>
  </system-out>
</testsuite> <!-- frameworkPractice.MyCampaignTest -->
