<?xml version="1.0" encoding="UTF-8"?>
<!-- Generated by org.testng.reporters.JUnitReportReporter -->
<testsuite hostname="LAPTOP-RGIEALF1" failures="0" tests="1" name="frameworkPractice.MyProductTest" time="3.461" errors="0" timestamp="2026-02-12T18:54:52 IST" skipped="0">
  <testcase classname="frameworkPractice.MyProductTest" name="createProductTest" time="3.461"/>
  <system-out>
    <![CDATA[Report Config
Db Open
launching browser
login
logout
login
logout
login
logout
close browser
launching browser
login
logout
close browser
Db close]]>
  </system-out>
</testsuite> <!-- frameworkPractice.MyProductTest -->
